Performing C++ SOURCE FILE Test test_-Werror_inconsistent-missing-override_cxx_flag failed with the following output:
Change Dir: /home/azhigaylo/homebrain/homebrain/CMakeFiles/CMakeTmp

Run Build Command:"/usr/bin/make" "cmTC_39386/fast"
/usr/bin/make -f CMakeFiles/cmTC_39386.dir/build.make CMakeFiles/cmTC_39386.dir/build
make[1]: Entering directory '/home/azhigaylo/homebrain/homebrain/CMakeFiles/CMakeTmp'
Building CXX object CMakeFiles/cmTC_39386.dir/src.cxx.o
/usr/bin/c++    -Werror=all -Werror=extra -Werror=pedantic -Werror=shadow -Werror=cast-align -Werror=write-strings -Werror=conversion -Werror=float-equal -Werror=suggest-override -Dtest_-Werror_inconsistent-missing-override_cxx_flag   -Werror=inconsistent-missing-override -o CMakeFiles/cmTC_39386.dir/src.cxx.o -c /home/azhigaylo/homebrain/homebrain/CMakeFiles/CMakeTmp/src.cxx
cc1plus: error: -Werror=inconsistent-missing-override: no option -Winconsistent-missing-override
CMakeFiles/cmTC_39386.dir/build.make:65: recipe for target 'CMakeFiles/cmTC_39386.dir/src.cxx.o' failed
make[1]: *** [CMakeFiles/cmTC_39386.dir/src.cxx.o] Error 1
make[1]: Leaving directory '/home/azhigaylo/homebrain/homebrain/CMakeFiles/CMakeTmp'
Makefile:126: recipe for target 'cmTC_39386/fast' failed
make: *** [cmTC_39386/fast] Error 2

Source file was:
int main() { return 0; }
Determining if the pthread_create exist failed with the following output:
Change Dir: /home/azhigaylo/homebrain/homebrain/CMakeFiles/CMakeTmp

Run Build Command:"/usr/bin/make" "cmTC_1c8c2/fast"
/usr/bin/make -f CMakeFiles/cmTC_1c8c2.dir/build.make CMakeFiles/cmTC_1c8c2.dir/build
make[1]: Entering directory '/home/azhigaylo/homebrain/homebrain/CMakeFiles/CMakeTmp'
Building C object CMakeFiles/cmTC_1c8c2.dir/CheckSymbolExists.c.o
/usr/bin/cc    -o CMakeFiles/cmTC_1c8c2.dir/CheckSymbolExists.c.o   -c /home/azhigaylo/homebrain/homebrain/CMakeFiles/CMakeTmp/CheckSymbolExists.c
Linking C executable cmTC_1c8c2
/usr/local/bin/cmake -E cmake_link_script CMakeFiles/cmTC_1c8c2.dir/link.txt --verbose=1
/usr/bin/cc      CMakeFiles/cmTC_1c8c2.dir/CheckSymbolExists.c.o  -o cmTC_1c8c2 
CMakeFiles/cmTC_1c8c2.dir/CheckSymbolExists.c.o: In function `main':
CheckSymbolExists.c:(.text+0x16): undefined reference to `pthread_create'
collect2: error: ld returned 1 exit status
CMakeFiles/cmTC_1c8c2.dir/build.make:97: recipe for target 'cmTC_1c8c2' failed
make[1]: *** [cmTC_1c8c2] Error 1
make[1]: Leaving directory '/home/azhigaylo/homebrain/homebrain/CMakeFiles/CMakeTmp'
Makefile:126: recipe for target 'cmTC_1c8c2/fast' failed
make: *** [cmTC_1c8c2/fast] Error 2

File /home/azhigaylo/homebrain/homebrain/CMakeFiles/CMakeTmp/CheckSymbolExists.c:
/* */
#include <pthread.h>

int main(int argc, char** argv)
{
  (void)argv;
#ifndef pthread_create
  return ((int*)(&pthread_create))[argc];
#else
  (void)argc;
  return 0;
#endif
}

Determining if the function pthread_create exists in the pthreads failed with the following output:
Change Dir: /home/azhigaylo/homebrain/homebrain/CMakeFiles/CMakeTmp

Run Build Command:"/usr/bin/make" "cmTC_a9fe2/fast"
/usr/bin/make -f CMakeFiles/cmTC_a9fe2.dir/build.make CMakeFiles/cmTC_a9fe2.dir/build
make[1]: Entering directory '/home/azhigaylo/homebrain/homebrain/CMakeFiles/CMakeTmp'
Building C object CMakeFiles/cmTC_a9fe2.dir/CheckFunctionExists.c.o
/usr/bin/cc   -DCHECK_FUNCTION_EXISTS=pthread_create   -o CMakeFiles/cmTC_a9fe2.dir/CheckFunctionExists.c.o   -c /usr/local/share/cmake-3.8/Modules/CheckFunctionExists.c
Linking C executable cmTC_a9fe2
/usr/local/bin/cmake -E cmake_link_script CMakeFiles/cmTC_a9fe2.dir/link.txt --verbose=1
/usr/bin/cc  -DCHECK_FUNCTION_EXISTS=pthread_create    CMakeFiles/cmTC_a9fe2.dir/CheckFunctionExists.c.o  -o cmTC_a9fe2 -lpthreads 
/usr/bin/ld: cannot find -lpthreads
collect2: error: ld returned 1 exit status
CMakeFiles/cmTC_a9fe2.dir/build.make:97: recipe for target 'cmTC_a9fe2' failed
make[1]: *** [cmTC_a9fe2] Error 1
make[1]: Leaving directory '/home/azhigaylo/homebrain/homebrain/CMakeFiles/CMakeTmp'
Makefile:126: recipe for target 'cmTC_a9fe2/fast' failed
make: *** [cmTC_a9fe2/fast] Error 2


